[0m23:28:48.615053 [debug] [MainThread]: Sending event: {'category': 'dbt', 'action': 'invocation', 'label': 'start', 'context': [<snowplow_tracker.self_describing_json.SelfDescribingJson object at 0x106f70c90>, <snowplow_tracker.self_describing_json.SelfDescribingJson object at 0x106f709d0>, <snowplow_tracker.self_describing_json.SelfDescribingJson object at 0x106f67850>]}


============================== 23:28:48.617402 | 2bd04291-7ee4-44f0-95cc-45f14462054b ==============================
[0m23:28:48.617402 [info ] [MainThread]: Running with dbt=1.5.11
[0m23:28:48.617778 [debug] [MainThread]: running dbt with arguments {'profiles_dir': '/Users/danny.gilberg/.dbt', 'static_parser': 'True', 'no_print': 'None', 'debug': 'False', 'log_format': 'default', 'warn_error': 'None', 'printer_width': '80', 'send_anonymous_usage_stats': 'True', 'target_path': 'None', 'fail_fast': 'False', 'write_json': 'True', 'cache_selected_only': 'False', 'version_check': 'True', 'quiet': 'False', 'use_experimental_parser': 'False', 'partial_parse': 'True', 'indirect_selection': 'eager', 'log_cache_events': 'False', 'warn_error_options': 'WarnErrorOptions(include=[], exclude=[])', 'introspect': 'True', 'log_path': 'logs', 'use_colors': 'True'}
[0m23:28:48.618124 [error] [MainThread]: Encountered an error:
Runtime Error
  No dbt_project.yml found at expected path /Users/danny.gilberg/Desktop/personal_projects/sports_analytics_scraping/dbt_project.yml
  Verify that each entry within packages.yml (and their transitive dependencies) contains a file named dbt_project.yml
  
[0m23:28:48.618470 [debug] [MainThread]: Command `dbt run` failed at 23:28:48.618409 after 0.04 seconds
[0m23:28:48.618640 [debug] [MainThread]: Sending event: {'category': 'dbt', 'action': 'invocation', 'label': 'end', 'context': [<snowplow_tracker.self_describing_json.SelfDescribingJson object at 0x106f71290>, <snowplow_tracker.self_describing_json.SelfDescribingJson object at 0x106f7fb10>, <snowplow_tracker.self_describing_json.SelfDescribingJson object at 0x100e4a110>]}
[0m23:28:48.618802 [debug] [MainThread]: Flushing usage events
[0m23:28:48.758135 [debug] [MainThread]: Error sending anonymous usage statistics. Disabling tracking for this execution. If you wish to permanently disable tracking, see: https://docs.getdbt.com/reference/global-configs#send-anonymous-usage-stats.
[0m23:31:19.276398 [debug] [MainThread]: Sending event: {'category': 'dbt', 'action': 'invocation', 'label': 'start', 'context': [<snowplow_tracker.self_describing_json.SelfDescribingJson object at 0x10af637d0>, <snowplow_tracker.self_describing_json.SelfDescribingJson object at 0x10af69cd0>, <snowplow_tracker.self_describing_json.SelfDescribingJson object at 0x10af75990>]}


============================== 23:31:19.278707 | bee4973a-048a-4a9d-8611-b1a8d78e1a5c ==============================
[0m23:31:19.278707 [info ] [MainThread]: Running with dbt=1.5.11
[0m23:31:19.279068 [debug] [MainThread]: running dbt with arguments {'version_check': 'True', 'debug': 'False', 'indirect_selection': 'eager', 'log_path': 'logs', 'warn_error': 'None', 'target_path': 'None', 'use_colors': 'True', 'fail_fast': 'False', 'cache_selected_only': 'False', 'static_parser': 'True', 'partial_parse': 'True', 'log_cache_events': 'False', 'log_format': 'default', 'profiles_dir': '/Users/danny.gilberg/.dbt', 'use_experimental_parser': 'False', 'quiet': 'False', 'send_anonymous_usage_stats': 'True', 'printer_width': '80', 'write_json': 'True', 'no_print': 'None', 'warn_error_options': 'WarnErrorOptions(include=[], exclude=[])', 'introspect': 'True'}
[0m23:31:19.279580 [error] [MainThread]: Encountered an error:
Runtime Error
  No dbt_project.yml found at expected path /Users/danny.gilberg/Desktop/personal_projects/sports_analytics_scraping/dbt_project.yml
  Verify that each entry within packages.yml (and their transitive dependencies) contains a file named dbt_project.yml
  
[0m23:31:19.279947 [debug] [MainThread]: Command `dbt deps` failed at 23:31:19.279871 after 0.04 seconds
[0m23:31:19.280119 [debug] [MainThread]: Sending event: {'category': 'dbt', 'action': 'invocation', 'label': 'end', 'context': [<snowplow_tracker.self_describing_json.SelfDescribingJson object at 0x10af75850>, <snowplow_tracker.self_describing_json.SelfDescribingJson object at 0x10af5aa50>, <snowplow_tracker.self_describing_json.SelfDescribingJson object at 0x105891f50>]}
[0m23:31:19.280284 [debug] [MainThread]: Flushing usage events
[0m23:31:19.403883 [debug] [MainThread]: Error sending anonymous usage statistics. Disabling tracking for this execution. If you wish to permanently disable tracking, see: https://docs.getdbt.com/reference/global-configs#send-anonymous-usage-stats.
[0m02:28:43.268087 [debug] [MainThread]: Sending event: {'category': 'dbt', 'action': 'invocation', 'label': 'start', 'context': [<snowplow_tracker.self_describing_json.SelfDescribingJson object at 0x1105f4340>, <snowplow_tracker.self_describing_json.SelfDescribingJson object at 0x1121b2f10>, <snowplow_tracker.self_describing_json.SelfDescribingJson object at 0x1121b2070>]}


============================== 02:28:43.271678 | 7b3a8d8c-9d79-4a94-9ccd-ed702251ad18 ==============================
[0m02:28:43.271678 [info ] [MainThread]: Running with dbt=1.5.11
[0m02:28:43.272092 [debug] [MainThread]: running dbt with arguments {'printer_width': '80', 'indirect_selection': 'eager', 'write_json': 'True', 'log_cache_events': 'False', 'partial_parse': 'True', 'cache_selected_only': 'False', 'profiles_dir': '/Users/danielgilberg/.dbt', 'version_check': 'True', 'warn_error': 'None', 'log_path': 'logs', 'debug': 'False', 'fail_fast': 'False', 'use_colors': 'True', 'use_experimental_parser': 'False', 'no_print': 'None', 'quiet': 'False', 'warn_error_options': 'WarnErrorOptions(include=[], exclude=[])', 'introspect': 'True', 'static_parser': 'True', 'log_format': 'default', 'target_path': 'None', 'send_anonymous_usage_stats': 'True'}
[0m02:28:43.272422 [error] [MainThread]: Encountered an error:
Runtime Error
  No dbt_project.yml found at expected path /Users/danielgilberg/Desktop/sports_analytics_scraping/dbt_project.yml
  Verify that each entry within packages.yml (and their transitive dependencies) contains a file named dbt_project.yml
  
[0m02:28:43.272726 [debug] [MainThread]: Command `dbt run` failed at 02:28:43.272645 after 0.02 seconds
[0m02:28:43.272898 [debug] [MainThread]: Sending event: {'category': 'dbt', 'action': 'invocation', 'label': 'end', 'context': [<snowplow_tracker.self_describing_json.SelfDescribingJson object at 0x1105f4340>, <snowplow_tracker.self_describing_json.SelfDescribingJson object at 0x1121b2070>, <snowplow_tracker.self_describing_json.SelfDescribingJson object at 0x1121b2e80>]}
[0m02:28:43.273077 [debug] [MainThread]: Flushing usage events
[0m17:41:19.352326 [debug] [MainThread]: Sending event: {'category': 'dbt', 'action': 'invocation', 'label': 'start', 'context': [<snowplow_tracker.self_describing_json.SelfDescribingJson object at 0x103b78ad0>, <snowplow_tracker.self_describing_json.SelfDescribingJson object at 0x1049b79d0>, <snowplow_tracker.self_describing_json.SelfDescribingJson object at 0x1049b7890>]}


============================== 17:41:19.355892 | ee2da132-a4d1-4b06-b9df-f3672d90738e ==============================
[0m17:41:19.355892 [info ] [MainThread]: Running with dbt=1.9.4
[0m17:41:19.356244 [debug] [MainThread]: running dbt with arguments {'printer_width': '80', 'indirect_selection': 'eager', 'write_json': 'True', 'log_cache_events': 'False', 'partial_parse': 'True', 'cache_selected_only': 'False', 'warn_error': 'None', 'version_check': 'True', 'debug': 'False', 'log_path': 'logs', 'fail_fast': 'False', 'profiles_dir': '/Users/danielgilberg/.dbt', 'use_colors': 'True', 'use_experimental_parser': 'False', 'no_print': 'None', 'quiet': 'False', 'empty': 'False', 'log_format': 'default', 'invocation_command': 'dbt run --select player_match_keeper', 'warn_error_options': 'WarnErrorOptions(include=[], exclude=[])', 'introspect': 'True', 'target_path': 'None', 'static_parser': 'True', 'send_anonymous_usage_stats': 'True'}
[0m17:41:19.356548 [error] [MainThread]: Encountered an error:
Runtime Error
  No dbt_project.yml found at expected path /Users/danielgilberg/Desktop/sports_analytics_scraping/dbt_project.yml
  Verify that each entry within packages.yml (and their transitive dependencies) contains a file named dbt_project.yml
  
[0m17:41:19.357558 [debug] [MainThread]: Resource report: {"command_name": "run", "command_success": false, "command_wall_clock_time": 0.042774457, "process_in_blocks": "0", "process_kernel_time": 0.120893, "process_mem_max_rss": "100777984", "process_out_blocks": "0", "process_user_time": 0.657654}
[0m17:41:19.357803 [debug] [MainThread]: Command `dbt run` failed at 17:41:19.357743 after 0.04 seconds
[0m17:41:19.357975 [debug] [MainThread]: Sending event: {'category': 'dbt', 'action': 'invocation', 'label': 'end', 'context': [<snowplow_tracker.self_describing_json.SelfDescribingJson object at 0x1049d9480>, <snowplow_tracker.self_describing_json.SelfDescribingJson object at 0x1049ed490>, <snowplow_tracker.self_describing_json.SelfDescribingJson object at 0x10481bce0>]}
[0m17:41:19.358122 [debug] [MainThread]: Flushing usage events
[0m17:41:19.650274 [debug] [MainThread]: An error was encountered while trying to flush usage events
[0m19:14:13.652086 [debug] [MainThread]: Sending event: {'category': 'dbt', 'action': 'invocation', 'label': 'start', 'context': [<snowplow_tracker.self_describing_json.SelfDescribingJson object at 0x106228ad0>, <snowplow_tracker.self_describing_json.SelfDescribingJson object at 0x107be39d0>, <snowplow_tracker.self_describing_json.SelfDescribingJson object at 0x107be3890>]}


============================== 19:14:13.655650 | 448af31c-c42d-4ad5-bcae-7435b99a0588 ==============================
[0m19:14:13.655650 [info ] [MainThread]: Running with dbt=1.9.4
[0m19:14:13.655989 [debug] [MainThread]: running dbt with arguments {'printer_width': '80', 'indirect_selection': 'eager', 'log_cache_events': 'False', 'write_json': 'True', 'partial_parse': 'True', 'cache_selected_only': 'False', 'warn_error': 'None', 'version_check': 'True', 'debug': 'False', 'log_path': 'logs', 'profiles_dir': '/Users/danielgilberg/.dbt', 'fail_fast': 'False', 'use_colors': 'True', 'use_experimental_parser': 'False', 'empty': 'None', 'quiet': 'False', 'no_print': 'None', 'warn_error_options': 'WarnErrorOptions(include=[], exclude=[])', 'invocation_command': 'dbt seed', 'introspect': 'True', 'log_format': 'default', 'target_path': 'None', 'static_parser': 'True', 'send_anonymous_usage_stats': 'True'}
[0m19:14:13.656279 [error] [MainThread]: Encountered an error:
Runtime Error
  No dbt_project.yml found at expected path /Users/danielgilberg/Desktop/sports_analytics_scraping/dbt_project.yml
  Verify that each entry within packages.yml (and their transitive dependencies) contains a file named dbt_project.yml
  
[0m19:14:13.657333 [debug] [MainThread]: Resource report: {"command_name": "seed", "command_success": false, "command_wall_clock_time": 0.043674, "process_in_blocks": "0", "process_kernel_time": 0.125778, "process_mem_max_rss": "101564416", "process_out_blocks": "0", "process_user_time": 0.674754}
[0m19:14:13.657564 [debug] [MainThread]: Command `dbt seed` failed at 19:14:13.657517 after 0.04 seconds
[0m19:14:13.657741 [debug] [MainThread]: Sending event: {'category': 'dbt', 'action': 'invocation', 'label': 'end', 'context': [<snowplow_tracker.self_describing_json.SelfDescribingJson object at 0x107c05480>, <snowplow_tracker.self_describing_json.SelfDescribingJson object at 0x107c1d490>, <snowplow_tracker.self_describing_json.SelfDescribingJson object at 0x107a4fce0>]}
[0m19:14:13.657892 [debug] [MainThread]: Flushing usage events
[0m19:14:13.851759 [debug] [MainThread]: An error was encountered while trying to flush usage events
[0m19:50:51.365937 [debug] [MainThread]: Sending event: {'category': 'dbt', 'action': 'invocation', 'label': 'start', 'context': [<snowplow_tracker.self_describing_json.SelfDescribingJson object at 0x111ba1850>, <snowplow_tracker.self_describing_json.SelfDescribingJson object at 0x111c2cb50>, <snowplow_tracker.self_describing_json.SelfDescribingJson object at 0x111c2d250>]}


============================== 19:50:51.368829 | 739ab579-d355-483e-bdf3-d03322793c70 ==============================
[0m19:50:51.368829 [info ] [MainThread]: Running with dbt=1.10.13
[0m19:50:51.369125 [debug] [MainThread]: running dbt with arguments {'warn_error_options': 'WarnErrorOptionsV2(error=[], warn=[], silence=[])', 'use_colors': 'True', 'quiet': 'False', 'log_path': 'logs', 'fail_fast': 'False', 'indirect_selection': 'eager', 'send_anonymous_usage_stats': 'True', 'debug': 'False', 'log_cache_events': 'False', 'invocation_command': 'dbt run', 'introspect': 'True', 'printer_width': '80', 'target_path': 'None', 'profiles_dir': '/Users/dgilberg/.dbt', 'no_print': 'None', 'static_parser': 'True', 'version_check': 'True', 'log_format': 'default', 'cache_selected_only': 'False', 'warn_error': 'None', 'empty': 'False', 'partial_parse': 'True', 'write_json': 'True', 'use_experimental_parser': 'False'}
[0m19:50:51.369413 [error] [MainThread]: Encountered an error:
Runtime Error
  No dbt_project.yml found at expected path /Users/dgilberg/Documents/sports_analytics_scraping/dbt_project.yml
  Verify that each entry within packages.yml (and their transitive dependencies) contains a file named dbt_project.yml
  
[0m19:50:51.373752 [debug] [MainThread]: Resource report: {"command_name": "run", "command_success": false, "command_wall_clock_time": 0.050283544, "process_in_blocks": "0", "process_kernel_time": 0.166927, "process_mem_max_rss": "108462080", "process_out_blocks": "0", "process_user_time": 0.581736}
[0m19:50:51.374008 [debug] [MainThread]: Command `dbt run` failed at 19:50:51.373955 after 0.05 seconds
[0m19:50:51.374218 [debug] [MainThread]: Sending event: {'category': 'dbt', 'action': 'invocation', 'label': 'end', 'context': [<snowplow_tracker.self_describing_json.SelfDescribingJson object at 0x11129a590>, <snowplow_tracker.self_describing_json.SelfDescribingJson object at 0x111ba0cd0>, <snowplow_tracker.self_describing_json.SelfDescribingJson object at 0x111ba3e10>]}
[0m19:50:51.374390 [debug] [MainThread]: Flushing usage events
[0m19:50:51.669907 [debug] [MainThread]: An error was encountered while trying to flush usage events
[0m19:58:15.809897 [debug] [MainThread]: Sending event: {'category': 'dbt', 'action': 'invocation', 'label': 'start', 'context': [<snowplow_tracker.self_describing_json.SelfDescribingJson object at 0x10876f390>, <snowplow_tracker.self_describing_json.SelfDescribingJson object at 0x1087f1dd0>, <snowplow_tracker.self_describing_json.SelfDescribingJson object at 0x1087f25d0>]}


============================== 19:58:15.812976 | 317b972c-7e79-4677-b546-1d27fb17355b ==============================
[0m19:58:15.812976 [info ] [MainThread]: Running with dbt=1.10.13
[0m19:58:15.813404 [debug] [MainThread]: running dbt with arguments {'no_print': 'None', 'target_path': 'None', 'log_cache_events': 'False', 'invocation_command': 'dbt seed', 'printer_width': '80', 'debug': 'False', 'profiles_dir': '/Users/dgilberg/.dbt', 'quiet': 'False', 'indirect_selection': 'eager', 'partial_parse': 'True', 'fail_fast': 'False', 'empty': 'None', 'log_path': 'logs', 'log_format': 'default', 'send_anonymous_usage_stats': 'True', 'use_experimental_parser': 'False', 'static_parser': 'True', 'cache_selected_only': 'False', 'warn_error': 'None', 'write_json': 'True', 'version_check': 'True', 'warn_error_options': 'WarnErrorOptionsV2(error=[], warn=[], silence=[])', 'introspect': 'True', 'use_colors': 'True'}
[0m19:58:15.813774 [error] [MainThread]: Encountered an error:
Runtime Error
  No dbt_project.yml found at expected path /Users/dgilberg/Documents/sports_analytics_scraping/dbt_project.yml
  Verify that each entry within packages.yml (and their transitive dependencies) contains a file named dbt_project.yml
  
[0m19:58:15.814901 [debug] [MainThread]: Resource report: {"command_name": "seed", "command_success": false, "command_wall_clock_time": 0.04939371, "process_in_blocks": "0", "process_kernel_time": 0.170448, "process_mem_max_rss": "125091840", "process_out_blocks": "0", "process_user_time": 1.022662}
[0m19:58:15.815129 [debug] [MainThread]: Command `dbt seed` failed at 19:58:15.815084 after 0.05 seconds
[0m19:58:15.815289 [debug] [MainThread]: Sending event: {'category': 'dbt', 'action': 'invocation', 'label': 'end', 'context': [<snowplow_tracker.self_describing_json.SelfDescribingJson object at 0x100adcf90>, <snowplow_tracker.self_describing_json.SelfDescribingJson object at 0x1087f2890>, <snowplow_tracker.self_describing_json.SelfDescribingJson object at 0x1087f2ad0>]}
[0m19:58:15.815463 [debug] [MainThread]: Flushing usage events
[0m19:58:16.060786 [debug] [MainThread]: An error was encountered while trying to flush usage events
[0m14:45:15.242313 [debug] [MainThread]: Sending event: {'category': 'dbt', 'action': 'invocation', 'label': 'start', 'context': [<snowplow_tracker.self_describing_json.SelfDescribingJson object at 0x10c86fa90>, <snowplow_tracker.self_describing_json.SelfDescribingJson object at 0x10c8cdd50>, <snowplow_tracker.self_describing_json.SelfDescribingJson object at 0x10c8e6d90>]}


============================== 14:45:15.245761 | 45f6a7ac-b1b7-4d7b-b410-062226b1e4bf ==============================
[0m14:45:15.245761 [info ] [MainThread]: Running with dbt=1.10.13
[0m14:45:15.246074 [debug] [MainThread]: running dbt with arguments {'use_colors': 'True', 'log_format': 'default', 'introspect': 'True', 'printer_width': '80', 'profiles_dir': '/Users/dgilberg/.dbt', 'invocation_command': 'dbt run', 'log_path': 'logs', 'version_check': 'True', 'warn_error': 'None', 'write_json': 'True', 'use_experimental_parser': 'False', 'static_parser': 'True', 'fail_fast': 'False', 'target_path': 'None', 'warn_error_options': 'WarnErrorOptionsV2(error=[], warn=[], silence=[])', 'cache_selected_only': 'False', 'empty': 'False', 'indirect_selection': 'eager', 'quiet': 'False', 'partial_parse': 'True', 'debug': 'False', 'log_cache_events': 'False', 'no_print': 'None', 'send_anonymous_usage_stats': 'True'}
[0m14:45:15.246393 [error] [MainThread]: Encountered an error:
Runtime Error
  No dbt_project.yml found at expected path /Users/dgilberg/Documents/sports_analytics_scraping/dbt_project.yml
  Verify that each entry within packages.yml (and their transitive dependencies) contains a file named dbt_project.yml
  
[0m14:45:15.248037 [debug] [MainThread]: Resource report: {"command_name": "run", "command_success": false, "command_wall_clock_time": 0.052966624, "process_in_blocks": "0", "process_kernel_time": 0.202184, "process_mem_max_rss": "125927424", "process_out_blocks": "0", "process_user_time": 1.054528}
[0m14:45:15.248259 [debug] [MainThread]: Command `dbt run` failed at 14:45:15.248212 after 0.05 seconds
[0m14:45:15.248494 [debug] [MainThread]: Sending event: {'category': 'dbt', 'action': 'invocation', 'label': 'end', 'context': [<snowplow_tracker.self_describing_json.SelfDescribingJson object at 0x10c8e6350>, <snowplow_tracker.self_describing_json.SelfDescribingJson object at 0x10c8e67d0>, <snowplow_tracker.self_describing_json.SelfDescribingJson object at 0x10c60f050>]}
[0m14:45:15.248784 [debug] [MainThread]: Flushing usage events
[0m14:45:15.563465 [debug] [MainThread]: An error was encountered while trying to flush usage events
[0m15:06:36.440662 [debug] [MainThread]: Sending event: {'category': 'dbt', 'action': 'invocation', 'label': 'start', 'context': [<snowplow_tracker.self_describing_json.SelfDescribingJson object at 0x10a66f790>, <snowplow_tracker.self_describing_json.SelfDescribingJson object at 0x10a6d1b50>, <snowplow_tracker.self_describing_json.SelfDescribingJson object at 0x10a6ea810>]}


============================== 15:06:36.443591 | 694748a9-8c48-4075-a471-3dc12348cadf ==============================
[0m15:06:36.443591 [info ] [MainThread]: Running with dbt=1.10.13
[0m15:06:36.443894 [debug] [MainThread]: running dbt with arguments {'target_path': 'None', 'fail_fast': 'False', 'send_anonymous_usage_stats': 'True', 'debug': 'False', 'warn_error_options': 'WarnErrorOptionsV2(error=[], warn=[], silence=[])', 'quiet': 'False', 'invocation_command': 'dbt run', 'use_colors': 'True', 'empty': 'False', 'partial_parse': 'True', 'indirect_selection': 'eager', 'static_parser': 'True', 'version_check': 'True', 'cache_selected_only': 'False', 'introspect': 'True', 'write_json': 'True', 'profiles_dir': '/Users/dgilberg/.dbt', 'log_format': 'default', 'log_path': 'logs', 'no_print': 'None', 'use_experimental_parser': 'False', 'printer_width': '80', 'log_cache_events': 'False', 'warn_error': 'None'}
[0m15:06:36.444195 [error] [MainThread]: Encountered an error:
Runtime Error
  No dbt_project.yml found at expected path /Users/dgilberg/Documents/sports_analytics_scraping/dbt_project.yml
  Verify that each entry within packages.yml (and their transitive dependencies) contains a file named dbt_project.yml
  
[0m15:06:36.463107 [debug] [MainThread]: Resource report: {"command_name": "run", "command_success": false, "command_wall_clock_time": 0.0690765, "process_in_blocks": "0", "process_kernel_time": 0.174229, "process_mem_max_rss": "126484480", "process_out_blocks": "0", "process_user_time": 1.023382}
[0m15:06:36.463498 [debug] [MainThread]: Command `dbt run` failed at 15:06:36.463447 after 0.07 seconds
[0m15:06:36.463700 [debug] [MainThread]: Sending event: {'category': 'dbt', 'action': 'invocation', 'label': 'end', 'context': [<snowplow_tracker.self_describing_json.SelfDescribingJson object at 0x10a58fd50>, <snowplow_tracker.self_describing_json.SelfDescribingJson object at 0x100b65a50>, <snowplow_tracker.self_describing_json.SelfDescribingJson object at 0x10a30a9d0>]}
[0m15:06:36.463893 [debug] [MainThread]: Flushing usage events
[0m15:06:36.752042 [debug] [MainThread]: An error was encountered while trying to flush usage events
[0m15:14:00.770095 [debug] [MainThread]: Sending event: {'category': 'dbt', 'action': 'invocation', 'label': 'start', 'context': [<snowplow_tracker.self_describing_json.SelfDescribingJson object at 0x109bbfb10>, <snowplow_tracker.self_describing_json.SelfDescribingJson object at 0x109c1db50>, <snowplow_tracker.self_describing_json.SelfDescribingJson object at 0x109c1cc90>]}


============================== 15:14:00.772820 | aab10c39-4f18-4a1f-a902-fbd75f06364f ==============================
[0m15:14:00.772820 [info ] [MainThread]: Running with dbt=1.10.13
[0m15:14:00.773094 [debug] [MainThread]: running dbt with arguments {'use_colors': 'True', 'profiles_dir': '/Users/dgilberg/.dbt', 'introspect': 'True', 'fail_fast': 'False', 'cache_selected_only': 'False', 'indirect_selection': 'eager', 'write_json': 'True', 'partial_parse': 'True', 'static_parser': 'True', 'debug': 'False', 'quiet': 'False', 'log_cache_events': 'False', 'printer_width': '80', 'no_print': 'None', 'warn_error': 'None', 'warn_error_options': 'WarnErrorOptionsV2(error=[], warn=[], silence=[])', 'invocation_command': 'dbt run', 'target_path': 'None', 'send_anonymous_usage_stats': 'True', 'log_format': 'default', 'use_experimental_parser': 'False', 'log_path': 'logs', 'version_check': 'True', 'empty': 'False'}
[0m15:14:00.773382 [error] [MainThread]: Encountered an error:
Runtime Error
  No dbt_project.yml found at expected path /Users/dgilberg/Documents/sports_analytics_scraping/dbt_project.yml
  Verify that each entry within packages.yml (and their transitive dependencies) contains a file named dbt_project.yml
  
[0m15:14:00.774451 [debug] [MainThread]: Resource report: {"command_name": "run", "command_success": false, "command_wall_clock_time": 0.04736871, "process_in_blocks": "0", "process_kernel_time": 0.148318, "process_mem_max_rss": "124403712", "process_out_blocks": "0", "process_user_time": 0.993946}
[0m15:14:00.774676 [debug] [MainThread]: Command `dbt run` failed at 15:14:00.774627 after 0.05 seconds
[0m15:14:00.774835 [debug] [MainThread]: Sending event: {'category': 'dbt', 'action': 'invocation', 'label': 'end', 'context': [<snowplow_tracker.self_describing_json.SelfDescribingJson object at 0x109c5b090>, <snowplow_tracker.self_describing_json.SelfDescribingJson object at 0x109c5b390>, <snowplow_tracker.self_describing_json.SelfDescribingJson object at 0x109bb2a10>]}
[0m15:14:00.775003 [debug] [MainThread]: Flushing usage events
[0m15:14:01.100213 [debug] [MainThread]: An error was encountered while trying to flush usage events
[0m15:29:06.500652 [debug] [MainThread]: Sending event: {'category': 'dbt', 'action': 'invocation', 'label': 'start', 'context': [<snowplow_tracker.self_describing_json.SelfDescribingJson object at 0x12426fe10>, <snowplow_tracker.self_describing_json.SelfDescribingJson object at 0x1231a5250>, <snowplow_tracker.self_describing_json.SelfDescribingJson object at 0x1242eeb50>]}


============================== 15:29:06.503673 | 82a37641-729a-41bd-a553-9f594817b9ec ==============================
[0m15:29:06.503673 [info ] [MainThread]: Running with dbt=1.10.13
[0m15:29:06.503932 [debug] [MainThread]: running dbt with arguments {'invocation_command': 'dbt run', 'cache_selected_only': 'False', 'target_path': 'None', 'printer_width': '80', 'warn_error': 'None', 'empty': 'False', 'partial_parse': 'True', 'log_format': 'default', 'use_experimental_parser': 'False', 'indirect_selection': 'eager', 'fail_fast': 'False', 'no_print': 'None', 'profiles_dir': '/Users/dgilberg/.dbt', 'static_parser': 'True', 'quiet': 'False', 'write_json': 'True', 'log_path': 'logs', 'send_anonymous_usage_stats': 'True', 'warn_error_options': 'WarnErrorOptionsV2(error=[], warn=[], silence=[])', 'use_colors': 'True', 'introspect': 'True', 'log_cache_events': 'False', 'version_check': 'True', 'debug': 'False'}
[0m15:29:06.504236 [error] [MainThread]: Encountered an error:
Runtime Error
  No dbt_project.yml found at expected path /Users/dgilberg/Documents/sports_analytics_scraping/dbt_project.yml
  Verify that each entry within packages.yml (and their transitive dependencies) contains a file named dbt_project.yml
  
[0m15:29:06.505344 [debug] [MainThread]: Resource report: {"command_name": "run", "command_success": false, "command_wall_clock_time": 0.048165, "process_in_blocks": "0", "process_kernel_time": 0.163403, "process_mem_max_rss": "126369792", "process_out_blocks": "0", "process_user_time": 1.045903}
[0m15:29:06.505572 [debug] [MainThread]: Command `dbt run` failed at 15:29:06.505522 after 0.05 seconds
[0m15:29:06.505743 [debug] [MainThread]: Sending event: {'category': 'dbt', 'action': 'invocation', 'label': 'end', 'context': [<snowplow_tracker.self_describing_json.SelfDescribingJson object at 0x12426f490>, <snowplow_tracker.self_describing_json.SelfDescribingJson object at 0x123efaf50>, <snowplow_tracker.self_describing_json.SelfDescribingJson object at 0x124263a90>]}
[0m15:29:06.505897 [debug] [MainThread]: Flushing usage events
[0m15:29:06.789189 [debug] [MainThread]: An error was encountered while trying to flush usage events
[0m17:55:04.936109 [debug] [MainThread]: Sending event: {'category': 'dbt', 'action': 'invocation', 'label': 'start', 'context': [<snowplow_tracker.self_describing_json.SelfDescribingJson object at 0x10a91b410>, <snowplow_tracker.self_describing_json.SelfDescribingJson object at 0x10a97a5d0>, <snowplow_tracker.self_describing_json.SelfDescribingJson object at 0x10a99e910>]}


============================== 17:55:04.938765 | 778a7644-06a5-4a4c-9a6f-fc3bfd84acb3 ==============================
[0m17:55:04.938765 [info ] [MainThread]: Running with dbt=1.10.13
[0m17:55:04.939049 [debug] [MainThread]: running dbt with arguments {'warn_error': 'None', 'introspect': 'True', 'target_path': 'None', 'partial_parse': 'True', 'version_check': 'True', 'write_json': 'True', 'send_anonymous_usage_stats': 'True', 'warn_error_options': 'WarnErrorOptionsV2(error=[], warn=[], silence=[])', 'no_print': 'None', 'quiet': 'False', 'empty': 'None', 'log_format': 'default', 'debug': 'False', 'fail_fast': 'False', 'cache_selected_only': 'False', 'invocation_command': 'dbt seed', 'printer_width': '80', 'indirect_selection': 'eager', 'log_path': 'logs', 'log_cache_events': 'False', 'use_experimental_parser': 'False', 'use_colors': 'True', 'static_parser': 'True', 'profiles_dir': '/Users/dgilberg/.dbt'}
[0m17:55:04.939306 [error] [MainThread]: Encountered an error:
Runtime Error
  No dbt_project.yml found at expected path /Users/dgilberg/Documents/sports_analytics_scraping/dbt_project.yml
  Verify that each entry within packages.yml (and their transitive dependencies) contains a file named dbt_project.yml
  
[0m17:55:04.940363 [debug] [MainThread]: Resource report: {"command_name": "seed", "command_success": false, "command_wall_clock_time": 0.048758794, "process_in_blocks": "0", "process_kernel_time": 0.159666, "process_mem_max_rss": "125173760", "process_out_blocks": "0", "process_user_time": 0.992482}
[0m17:55:04.940581 [debug] [MainThread]: Command `dbt seed` failed at 17:55:04.940534 after 0.05 seconds
[0m17:55:04.940734 [debug] [MainThread]: Sending event: {'category': 'dbt', 'action': 'invocation', 'label': 'end', 'context': [<snowplow_tracker.self_describing_json.SelfDescribingJson object at 0x105275a50>, <snowplow_tracker.self_describing_json.SelfDescribingJson object at 0x105bfd790>, <snowplow_tracker.self_describing_json.SelfDescribingJson object at 0x10a6b6f10>]}
[0m17:55:04.940884 [debug] [MainThread]: Flushing usage events
[0m17:55:05.222407 [debug] [MainThread]: An error was encountered while trying to flush usage events
[0m20:06:44.546835 [debug] [MainThread]: Sending event: {'category': 'dbt', 'action': 'invocation', 'label': 'start', 'context': [<snowplow_tracker.self_describing_json.SelfDescribingJson object at 0x107a6f690>, <snowplow_tracker.self_describing_json.SelfDescribingJson object at 0x107acdb90>, <snowplow_tracker.self_describing_json.SelfDescribingJson object at 0x107af2dd0>]}


============================== 20:06:44.549847 | 71283b16-b34f-47d6-99d5-3a312873d8ab ==============================
[0m20:06:44.549847 [info ] [MainThread]: Running with dbt=1.10.13
[0m20:06:44.550135 [debug] [MainThread]: running dbt with arguments {'introspect': 'True', 'invocation_command': 'dbt seed', 'debug': 'False', 'log_format': 'default', 'version_check': 'True', 'use_experimental_parser': 'False', 'no_print': 'None', 'fail_fast': 'False', 'quiet': 'False', 'log_cache_events': 'False', 'send_anonymous_usage_stats': 'True', 'write_json': 'True', 'target_path': 'None', 'printer_width': '80', 'log_path': 'logs', 'profiles_dir': '/Users/dgilberg/.dbt', 'static_parser': 'True', 'empty': 'None', 'cache_selected_only': 'False', 'warn_error': 'None', 'indirect_selection': 'eager', 'warn_error_options': 'WarnErrorOptionsV2(error=[], warn=[], silence=[])', 'use_colors': 'True', 'partial_parse': 'True'}
[0m20:06:44.550429 [error] [MainThread]: Encountered an error:
Runtime Error
  No dbt_project.yml found at expected path /Users/dgilberg/Documents/sports_analytics_scraping/dbt_project.yml
  Verify that each entry within packages.yml (and their transitive dependencies) contains a file named dbt_project.yml
  
[0m20:06:44.551703 [debug] [MainThread]: Resource report: {"command_name": "seed", "command_success": false, "command_wall_clock_time": 0.046151, "process_in_blocks": "0", "process_kernel_time": 0.171842, "process_mem_max_rss": "125140992", "process_out_blocks": "0", "process_user_time": 1.043746}
[0m20:06:44.551911 [debug] [MainThread]: Command `dbt seed` failed at 20:06:44.551871 after 0.05 seconds
[0m20:06:44.552067 [debug] [MainThread]: Sending event: {'category': 'dbt', 'action': 'invocation', 'label': 'end', 'context': [<snowplow_tracker.self_describing_json.SelfDescribingJson object at 0x1006317d0>, <snowplow_tracker.self_describing_json.SelfDescribingJson object at 0x100631a10>, <snowplow_tracker.self_describing_json.SelfDescribingJson object at 0x107a69650>]}
[0m20:06:44.552214 [debug] [MainThread]: Flushing usage events
[0m20:06:44.760853 [debug] [MainThread]: An error was encountered while trying to flush usage events
